C:\Users\leyi_wh\Desktop\Player\DuiLib\.\Build\Debug\DuiLib.lib
C:\Users\leyi_wh\Desktop\Player\DuiLib\Build\Debug\cl.command.1.tlog
C:\Users\leyi_wh\Desktop\Player\DuiLib\Build\Debug\CL.read.1.tlog
C:\Users\leyi_wh\Desktop\Player\DuiLib\Build\Debug\CL.write.1.tlog
C:\USERS\LEYI_WH\DESKTOP\PLAYER\DUILIB\BUILD\DEBUG\DUILIB.LIB
C:\USERS\LEYI_WH\DESKTOP\PLAYER\DUILIB\BUILD\DEBUG\DUILIB.PCH
C:\Users\leyi_wh\Desktop\Player\DuiLib\Build\Debug\DuiLib.write.1.tlog
C:\Users\leyi_wh\Desktop\Player\DuiLib\Build\Debug\Flash32_13_0_0_214.tlh
C:\Users\leyi_wh\Desktop\Player\DuiLib\Build\Debug\lib.command.1.tlog
C:\Users\leyi_wh\Desktop\Player\DuiLib\Build\Debug\Lib-link.read.1.tlog
C:\Users\leyi_wh\Desktop\Player\DuiLib\Build\Debug\Lib-link.write.1.tlog
C:\USERS\LEYI_WH\DESKTOP\PLAYER\DUILIB\BUILD\DEBUG\STB_IMAGE.OBJ
C:\USERS\LEYI_WH\DESKTOP\PLAYER\DUILIB\BUILD\DEBUG\STDAFX.OBJ
C:\USERS\LEYI_WH\DESKTOP\PLAYER\DUILIB\BUILD\DEBUG\UIACTIVEX.OBJ
C:\USERS\LEYI_WH\DESKTOP\PLAYER\DUILIB\BUILD\DEBUG\UIBASE.OBJ
C:\USERS\LEYI_WH\DESKTOP\PLAYER\DUILIB\BUILD\DEBUG\UIBUTTON.OBJ
C:\USERS\LEYI_WH\DESKTOP\PLAYER\DUILIB\BUILD\DEBUG\UICHECKBOX.OBJ
C:\USERS\LEYI_WH\DESKTOP\PLAYER\DUILIB\BUILD\DEBUG\UICHILDLAYOUT.OBJ
C:\USERS\LEYI_WH\DESKTOP\PLAYER\DUILIB\BUILD\DEBUG\UICOMBO.OBJ
C:\USERS\LEYI_WH\DESKTOP\PLAYER\DUILIB\BUILD\DEBUG\UICOMBOBOX.OBJ
C:\USERS\LEYI_WH\DESKTOP\PLAYER\DUILIB\BUILD\DEBUG\UICONTAINER.OBJ
C:\USERS\LEYI_WH\DESKTOP\PLAYER\DUILIB\BUILD\DEBUG\UICONTROL.OBJ
C:\USERS\LEYI_WH\DESKTOP\PLAYER\DUILIB\BUILD\DEBUG\UIDATETIME.OBJ
C:\USERS\LEYI_WH\DESKTOP\PLAYER\DUILIB\BUILD\DEBUG\UIDELEGATE.OBJ
C:\USERS\LEYI_WH\DESKTOP\PLAYER\DUILIB\BUILD\DEBUG\UIDLGBUILDER.OBJ
C:\USERS\LEYI_WH\DESKTOP\PLAYER\DUILIB\BUILD\DEBUG\UIEDIT.OBJ
C:\USERS\LEYI_WH\DESKTOP\PLAYER\DUILIB\BUILD\DEBUG\UIFLASH.OBJ
C:\USERS\LEYI_WH\DESKTOP\PLAYER\DUILIB\BUILD\DEBUG\UIHORIZONTALLAYOUT.OBJ
C:\USERS\LEYI_WH\DESKTOP\PLAYER\DUILIB\BUILD\DEBUG\UILABEL.OBJ
C:\USERS\LEYI_WH\DESKTOP\PLAYER\DUILIB\BUILD\DEBUG\UILIB.OBJ
C:\USERS\LEYI_WH\DESKTOP\PLAYER\DUILIB\BUILD\DEBUG\UILIST.OBJ
C:\USERS\LEYI_WH\DESKTOP\PLAYER\DUILIB\BUILD\DEBUG\UIMANAGER.OBJ
C:\USERS\LEYI_WH\DESKTOP\PLAYER\DUILIB\BUILD\DEBUG\UIMARKUP.OBJ
C:\USERS\LEYI_WH\DESKTOP\PLAYER\DUILIB\BUILD\DEBUG\UIOPTION.OBJ
C:\USERS\LEYI_WH\DESKTOP\PLAYER\DUILIB\BUILD\DEBUG\UIPROGRESS.OBJ
C:\USERS\LEYI_WH\DESKTOP\PLAYER\DUILIB\BUILD\DEBUG\UIRENDER.OBJ
C:\USERS\LEYI_WH\DESKTOP\PLAYER\DUILIB\BUILD\DEBUG\UIRICHEDIT.OBJ
C:\USERS\LEYI_WH\DESKTOP\PLAYER\DUILIB\BUILD\DEBUG\UISCROLLBAR.OBJ
C:\USERS\LEYI_WH\DESKTOP\PLAYER\DUILIB\BUILD\DEBUG\UISLIDER.OBJ
C:\USERS\LEYI_WH\DESKTOP\PLAYER\DUILIB\BUILD\DEBUG\UITABLAYOUT.OBJ
C:\USERS\LEYI_WH\DESKTOP\PLAYER\DUILIB\BUILD\DEBUG\UITEXT.OBJ
C:\USERS\LEYI_WH\DESKTOP\PLAYER\DUILIB\BUILD\DEBUG\UITILELAYOUT.OBJ
C:\USERS\LEYI_WH\DESKTOP\PLAYER\DUILIB\BUILD\DEBUG\UITREEVIEW.OBJ
C:\USERS\LEYI_WH\DESKTOP\PLAYER\DUILIB\BUILD\DEBUG\UIVERTICALLAYOUT.OBJ
C:\USERS\LEYI_WH\DESKTOP\PLAYER\DUILIB\BUILD\DEBUG\UIWEBBROWSER.OBJ
C:\USERS\LEYI_WH\DESKTOP\PLAYER\DUILIB\BUILD\DEBUG\UTILS.OBJ
C:\Users\leyi_wh\Desktop\Player\DuiLib\Build\Debug\vc100.idb
C:\USERS\LEYI_WH\DESKTOP\PLAYER\DUILIB\BUILD\DEBUG\VC100.PDB
C:\USERS\LEYI_WH\DESKTOP\PLAYER\DUILIB\BUILD\DEBUG\WINIMPLBASE.OBJ
C:\USERS\LEYI_WH\DESKTOP\PLAYER\DUILIB\BUILD\DEBUG\XUNZIP.OBJ
