生成启动时间为 2014/6/26 23:36:37。
     1>项目“C:\Users\daifeng\Desktop\Player\DuiLib\DuiLib.vcxproj”在节点 2 上(build 个目标)。
     1>InitializeBuildStatus:
         正在创建“.\Build\Debug\DuiLib.unsuccessfulbuild”，因为已指定“AlwaysCreate”。
       ClCompile:
         C:\Program Files (x86)\Microsoft Visual Studio 10.0\VC\bin\CL.exe /c /Zi /nologo /W3 /WX- /Od /Oy- /D WIN32 /D _DEBUG /D _WINDOWS /D UILIB_EXPORTS /D _VC80_UPGRADE=0x0600 /D _MBCS /Gm /EHsc /RTC1 /MTd /GS /fp:precise /Zc:wchar_t /Zc:forScope /Yc"stdafx.h" /Fp".\Build\Debug/DuiLib.pch" /Fo".\Build\Debug\\" /Fd".\Build\Debug\vc100.pdb" /Gd /TP /analyze- /errorReport:prompt StdAfx.cpp
         StdAfx.cpp
     1>c:\users\daifeng\desktop\player\duilib\Control/UIFlash.h(14): warning C4192: 导入类型库“IServiceProvider”时自动排除“ShockwaveFlash.ShockwaveFlash”
         C:\Program Files (x86)\Microsoft Visual Studio 10.0\VC\bin\CL.exe /c /Zi /nologo /W3 /WX- /Od /Oy- /D WIN32 /D _DEBUG /D _WINDOWS /D UILIB_EXPORTS /D _VC80_UPGRADE=0x0600 /D _MBCS /Gm /EHsc /RTC1 /MTd /GS /fp:precise /Zc:wchar_t /Zc:forScope /Yu"stdafx.h" /Fp".\Build\Debug/DuiLib.pch" /Fo".\Build\Debug\\" /Fd".\Build\Debug\vc100.pdb" /Gd /TP /analyze- /errorReport:prompt UIlib.cpp Utils\WinImplBase.cpp Utils\UIDelegate.cpp Utils\Utils.cpp Core\UIBase.cpp Core\UIContainer.cpp Core\UIControl.cpp Core\UIDlgBuilder.cpp Core\UIManager.cpp Core\UIMarkup.cpp Core\UIRender.cpp Layout\UIChildLayout.cpp Layout\UIHorizontalLayout.cpp Layout\UITabLayout.cpp Layout\UITileLayout.cpp Layout\UIVerticalLayout.cpp Control\UIActiveX.cpp Control\UIButton.cpp Control\UICheckBox.cpp Control\UICombo.cpp Control\UIComboBox.cpp Control\UIDateTime.cpp Control\UIEdit.cpp Control\UIFlash.cpp Control\UILabel.cpp Control\UIList.cpp Control\UIOption.cpp Control\UIProgress.cpp Control\UIRichEdit.cpp Control\UIScrollBar.cpp Control\UISlider.cpp Control\UIText.cpp Control\UITreeView.cpp Control\UIWebBrowser.cpp
         UIWebBrowser.cpp
         UITreeView.cpp
         UIText.cpp
         UISlider.cpp
         UIScrollBar.cpp
         UIRichEdit.cpp
     1>Control\UIRichEdit.cpp(2237): warning C4244: “参数”: 从“WORD”转换到“BYTE”，可能丢失数据
         UIProgress.cpp
         UIOption.cpp
         UIList.cpp
         UILabel.cpp
         UIFlash.cpp
         UIEdit.cpp
         UIDateTime.cpp
         UIComboBox.cpp
         UICombo.cpp
         UICheckBox.cpp
         UIButton.cpp
         UIActiveX.cpp
         UIVerticalLayout.cpp
         UITileLayout.cpp
         正在生成代码...
         正在编译...
         UITabLayout.cpp
         UIHorizontalLayout.cpp
         UIChildLayout.cpp
         UIRender.cpp
         UIMarkup.cpp
         UIManager.cpp
         UIDlgBuilder.cpp
         UIControl.cpp
         UIContainer.cpp
         UIBase.cpp
         Utils.cpp
         UIDelegate.cpp
         WinImplBase.cpp
         UIlib.cpp
         正在生成代码...
         C:\Program Files (x86)\Microsoft Visual Studio 10.0\VC\bin\CL.exe /c /Zi /nologo /W3 /WX- /Od /Oy- /D WIN32 /D _DEBUG /D _WINDOWS /D UILIB_EXPORTS /D _VC80_UPGRADE=0x0600 /D _MBCS /Gm /EHsc /RTC1 /MTd /GS /fp:precise /Zc:wchar_t /Zc:forScope /Fo".\Build\Debug\\" /Fd".\Build\Debug\vc100.pdb" /Gd /TC /analyze- /errorReport:prompt Utils\stb_image.c
         stb_image.c
         C:\Program Files (x86)\Microsoft Visual Studio 10.0\VC\bin\CL.exe /c /Zi /nologo /W3 /WX- /Od /Oy- /D WIN32 /D _DEBUG /D _WINDOWS /D UILIB_EXPORTS /D _VC80_UPGRADE=0x0600 /D _MBCS /Gm /EHsc /RTC1 /MTd /GS /fp:precise /Zc:wchar_t /Zc:forScope /Fo".\Build\Debug\\" /Fd".\Build\Debug\vc100.pdb" /Gd /TP /analyze- /errorReport:prompt Utils\XUnzip.cpp
         XUnzip.cpp
       Lib:
         C:\Program Files (x86)\Microsoft Visual Studio 10.0\VC\bin\Lib.exe /OUT:".\Build\Debug\DuiLib.lib" /NOLOGO .\Build\Debug\StdAfx.obj
         .\Build\Debug\UIlib.obj
         .\Build\Debug\WinImplBase.obj
         .\Build\Debug\stb_image.obj
         .\Build\Debug\UIDelegate.obj
         .\Build\Debug\Utils.obj
         .\Build\Debug\XUnzip.obj
         .\Build\Debug\UIBase.obj
         .\Build\Debug\UIContainer.obj
         .\Build\Debug\UIControl.obj
         .\Build\Debug\UIDlgBuilder.obj
         .\Build\Debug\UIManager.obj
         .\Build\Debug\UIMarkup.obj
         .\Build\Debug\UIRender.obj
         .\Build\Debug\UIChildLayout.obj
         .\Build\Debug\UIHorizontalLayout.obj
         .\Build\Debug\UITabLayout.obj
         .\Build\Debug\UITileLayout.obj
         .\Build\Debug\UIVerticalLayout.obj
         .\Build\Debug\UIActiveX.obj
         .\Build\Debug\UIButton.obj
         .\Build\Debug\UICheckBox.obj
         .\Build\Debug\UICombo.obj
         .\Build\Debug\UIComboBox.obj
         .\Build\Debug\UIDateTime.obj
         .\Build\Debug\UIEdit.obj
         .\Build\Debug\UIFlash.obj
         .\Build\Debug\UILabel.obj
         .\Build\Debug\UIList.obj
         .\Build\Debug\UIOption.obj
         .\Build\Debug\UIProgress.obj
         .\Build\Debug\UIRichEdit.obj
         .\Build\Debug\UIScrollBar.obj
         .\Build\Debug\UISlider.obj
         .\Build\Debug\UIText.obj
         .\Build\Debug\UITreeView.obj
         .\Build\Debug\UIWebBrowser.obj
         DuiLib.vcxproj -> C:\Users\daifeng\Desktop\Player\DuiLib\.\Build\Debug\DuiLib.lib
       FinalizeBuildStatus:
         正在删除文件“.\Build\Debug\DuiLib.unsuccessfulbuild”。
         正在对“.\Build\Debug\DuiLib.lastbuildstate”执行 Touch 任务。
     1>已完成生成项目“C:\Users\daifeng\Desktop\Player\DuiLib\DuiLib.vcxproj”(build 个目标)的操作。

生成成功。

已用时间 00:00:14.99
